13:25:17: Creating resource group General
13:25:17: Creating resource group Internal
13:25:17: Creating resource group Autodetect
13:25:17: SceneManagerFactory for type 'DefaultSceneManager' registered.
13:25:17: Registering ResourceManager for type Material
13:25:17: Registering ResourceManager for type Mesh
13:25:17: Registering ResourceManager for type Skeleton
13:25:17: MovableObjectFactory for type 'ParticleSystem' registered.
13:25:17: ArchiveFactory for archive type FileSystem registered.
13:25:17: ArchiveFactory for archive type Zip registered.
13:25:17: ArchiveFactory for archive type EmbeddedZip registered.
13:25:17: DDS codec registering
13:25:17: FreeImage version: 3.15.3
13:25:17: This program uses FreeImage, a free, open source image library supporting all common bitmap formats. See http://freeimage.sourceforge.net for details
13:25:17: Supported formats: bmp,ico,jpg,jif,jpeg,jpe,jng,koa,iff,lbm,mng,pbm,pbm,pcd,pcx,pgm,pgm,png,ppm,ppm,ras,tga,targa,tif,tiff,wap,wbmp,wbm,psd,cut,xbm,xpm,gif,hdr,g3,sgi,exr,j2k,j2c,jp2,pfm,pct,pict,pic,3fr,arw,bay,bmq,cap,cine,cr2,crw,cs1,dc2,dcr,drf,dsc,dng,erf,fff,ia,iiq,k25,kc2,kdc,mdc,mef,mos,mrw,nef,nrw,orf,pef,ptx,pxn,qtk,raf,raw,rdc,rw2,rwl,rwz,sr2,srf,srw,sti
13:25:17: Registering ResourceManager for type HighLevelGpuProgram
13:25:17: Registering ResourceManager for type Compositor
13:25:17: MovableObjectFactory for type 'Entity' registered.
13:25:17: MovableObjectFactory for type 'Light' registered.
13:25:17: MovableObjectFactory for type 'BillboardSet' registered.
13:25:17: MovableObjectFactory for type 'ManualObject' registered.
13:25:17: MovableObjectFactory for type 'BillboardChain' registered.
13:25:17: MovableObjectFactory for type 'RibbonTrail' registered.
13:25:17: Loading library .\RenderSystem_Direct3D9_d
13:25:17: Installing plugin: D3D9 RenderSystem
13:25:17: D3D9 : Direct3D9 Rendering Subsystem created.
13:25:17: D3D9: Driver Detection Starts
13:25:17: D3D9: Driver Detection Ends
13:25:17: Plugin successfully installed
13:25:17: Loading library .\RenderSystem_GL_d
13:25:17: Installing plugin: GL RenderSystem
13:25:17: OpenGL Rendering Subsystem created.
13:25:17: Plugin successfully installed
13:25:17: Loading library .\Plugin_PCZSceneManager_d
13:25:17: Installing plugin: Portal Connected Zone Scene Manager
13:25:17: PCZone Factory Type 'ZoneType_Default' registered
13:25:17: Plugin successfully installed
13:25:17: Loading library .\Plugin_OctreeZone_d
13:25:17: Installing plugin: Octree Zone Factory
13:25:17: Plugin successfully installed
13:25:17: Loading library .\Plugin_OctreeSceneManager_d
13:25:17: Installing plugin: Octree Scene Manager
13:25:17: Plugin successfully installed
13:25:17: Loading library .\Plugin_ParticleFX_d
13:25:17: Installing plugin: ParticleFX
13:25:17: Particle Emitter Type 'Point' registered
13:25:17: Particle Emitter Type 'Box' registered
13:25:17: Particle Emitter Type 'Ellipsoid' registered
13:25:17: Particle Emitter Type 'Cylinder' registered
13:25:17: Particle Emitter Type 'Ring' registered
13:25:17: Particle Emitter Type 'HollowEllipsoid' registered
13:25:17: Particle Affector Type 'LinearForce' registered
13:25:17: Particle Affector Type 'ColourFader' registered
13:25:17: Particle Affector Type 'ColourFader2' registered
13:25:17: Particle Affector Type 'ColourImage' registered
13:25:17: Particle Affector Type 'ColourInterpolator' registered
13:25:17: Particle Affector Type 'Scaler' registered
13:25:17: Particle Affector Type 'Rotator' registered
13:25:17: Particle Affector Type 'DirectionRandomiser' registered
13:25:17: Particle Affector Type 'DeflectorPlane' registered
13:25:17: Plugin successfully installed
13:25:17: *-*-* OGRE Initialising
13:25:17: *-*-* Version 1.9.0 (Ghadamon)
13:25:17: Added resource location '../TanCraft/' of type 'FileSystem' to resource group 'General'
13:25:17: Added resource location '../TanCraft/Content/' of type 'FileSystem' to resource group 'General'
13:25:17: Added resource location '../TanCraft/Content/Models/' of type 'FileSystem' to resource group 'General'
13:25:17: Added resource location '../TanCraft/Content/Materials/' of type 'FileSystem' to resource group 'General'
13:25:17: Added resource location '../TanCraft/Content/Overlays/' of type 'FileSystem' to resource group 'General'
13:25:17: Added resource location '../TanCraft/Content/Materials/particle/' of type 'FileSystem' to resource group 'General'
13:25:17: D3D9 : RenderSystem Option: Allow DirectX9Ex = No
13:25:17: D3D9 : RenderSystem Option: Allow NVPerfHUD = No
13:25:17: D3D9 : RenderSystem Option: FSAA = 0
13:25:17: D3D9 : RenderSystem Option: Fixed Pipeline Enabled = Yes
13:25:17: D3D9 : RenderSystem Option: Floating-point mode = Fastest
13:25:17: D3D9 : RenderSystem Option: Full Screen = No
13:25:17: D3D9 : RenderSystem Option: Multi device memory hint = Use minimum system memory
13:25:17: D3D9 : RenderSystem Option: Rendering Device = Monitor-1-VMware SVGA 3D
13:25:17: D3D9 : RenderSystem Option: Resource Creation Policy = Create on all devices
13:25:17: D3D9 : RenderSystem Option: Use Multihead = Auto
13:25:17: D3D9 : RenderSystem Option: VSync = No
13:25:17: D3D9 : RenderSystem Option: VSync Interval = 1
13:25:17: D3D9 : RenderSystem Option: Video Mode = 800 x 600 @ 32-bit colour
13:25:17: D3D9 : RenderSystem Option: sRGB Gamma Conversion = No
13:25:18: CPU Identifier & Features
13:25:18: -------------------------
13:25:18:  *   CPU ID: GenuineIntel: Intel(R) Core(TM) i7-5557U CPU @ 3.10GHz
13:25:18:  *      SSE: yes
13:25:18:  *     SSE2: yes
13:25:18:  *     SSE3: yes
13:25:18:  *      MMX: yes
13:25:18:  *   MMXEXT: yes
13:25:18:  *    3DNOW: no
13:25:18:  * 3DNOWEXT: no
13:25:18:  *     CMOV: yes
13:25:18:  *      TSC: yes
13:25:18:  *      FPU: yes
13:25:18:  *      PRO: yes
13:25:18:  *       HT: no
13:25:18: -------------------------
13:25:18: D3D9 : Subsystem Initialising
13:25:18: Registering ResourceManager for type Texture
13:25:18: Registering ResourceManager for type GpuProgram
13:25:18: D3D9RenderSystem::_createRenderWindow "OGRE Render Window", 800x600 windowed  miscParams: FSAA=0 FSAAHint= colourDepth=32 gamma=false monitorIndex=0 useNVPerfHUD=false vsync=false vsyncInterval=1 
13:25:19: D3D9 : Created D3D9 Rendering Window 'OGRE Render Window' : 800x600, 32bpp
13:25:19: D3D9 : WARNING - disabling VSync in windowed mode can cause timing issues at lower frame rates, turn VSync on if you observe this problem.
13:25:19: D3D9: Vertex texture format supported - PF_FLOAT16_RGB
13:25:19: D3D9: Vertex texture format supported - PF_FLOAT16_RGBA
13:25:19: D3D9: Vertex texture format supported - PF_FLOAT32_RGB
13:25:19: D3D9: Vertex texture format supported - PF_FLOAT32_RGBA
13:25:19: D3D9: Vertex texture format supported - PF_FLOAT16_R
13:25:19: D3D9: Vertex texture format supported - PF_FLOAT32_R
13:25:19: D3D9: Vertex texture format supported - PF_FLOAT16_GR
13:25:19: D3D9: Vertex texture format supported - PF_FLOAT32_GR
13:25:19: RenderSystem capabilities
13:25:19: -------------------------
13:25:19: RenderSystem Name: Direct3D9 Rendering Subsystem
13:25:19: GPU Vendor: unknown
13:25:19: Device Name: Monitor-1-VMware SVGA 3D
13:25:19: Driver Version: 8.15.1.33
13:25:19:  * Fixed function pipeline: yes
13:25:19:  * Hardware generation of mipmaps: yes
13:25:19:  * Texture blending: yes
13:25:19:  * Anisotropic texture filtering: yes
13:25:19:  * Dot product texture operation: yes
13:25:19:  * Cube mapping: yes
13:25:19:  * Hardware stencil buffer: yes
13:25:19:    - Stencil depth: 8
13:25:19:    - Two sided stencil support: yes
13:25:19:    - Wrap stencil values: yes
13:25:19:  * Hardware vertex / index buffers: yes
13:25:19:  * Vertex programs: yes
13:25:19:  * Number of floating-point constants for vertex programs: 256
13:25:19:  * Number of integer constants for vertex programs: 16
13:25:19:  * Number of boolean constants for vertex programs: 16
13:25:19:  * Fragment programs: yes
13:25:19:  * Number of floating-point constants for fragment programs: 224
13:25:19:  * Number of integer constants for fragment programs: 16
13:25:19:  * Number of boolean constants for fragment programs: 16
13:25:19:  * Geometry programs: no
13:25:19:  * Number of floating-point constants for geometry programs: 0
13:25:19:  * Number of integer constants for geometry programs: 0
13:25:19:  * Number of boolean constants for geometry programs: 0
13:25:19:  * Tesselation Hull programs: no
13:25:19:  * Number of floating-point constants for tesselation hull programs: 0
13:25:19:  * Number of integer constants for tesselation hull programs: 0
13:25:19:  * Number of boolean constants for tesselation hull programs: 0
13:25:19:  * Tesselation Domain programs: no
13:25:19:  * Number of floating-point constants for tesselation domain programs: 0
13:25:19:  * Number of integer constants for tesselation domain programs: 0
13:25:19:  * Number of boolean constants for tesselation domain programs: 0
13:25:19:  * Compute programs: no
13:25:19:  * Number of floating-point constants for compute programs: 0
13:25:19:  * Number of integer constants for compute programs: 0
13:25:19:  * Number of boolean constants for compute programs: 0
13:25:19:  * Supported Shader Profiles: hlsl ps_1_1 ps_1_2 ps_1_3 ps_1_4 ps_2_0 ps_2_a ps_2_b ps_2_x ps_3_0 vs_1_1 vs_2_0 vs_2_a vs_2_x vs_3_0
13:25:19:  * Texture Compression: yes
13:25:19:    - DXT: yes
13:25:19:    - VTC: no
13:25:19:    - PVRTC: no
13:25:19:    - ATC: no
13:25:19:    - ETC1: no
13:25:19:    - ETC2: no
13:25:19:    - BC4/BC5: no
13:25:19:    - BC6H/BC7: no
13:25:19:  * Scissor Rectangle: yes
13:25:19:  * Hardware Occlusion Query: yes
13:25:19:  * User clip planes: yes
13:25:19:  * VET_UBYTE4 vertex element type: yes
13:25:19:  * Infinite far plane projection: yes
13:25:19:  * Hardware render-to-texture: yes
13:25:19:  * Floating point textures: yes
13:25:19:  * Non-power-of-two textures: yes
13:25:19:  * 1d textures: yes
13:25:19:  * Volume textures: yes
13:25:19:  * Multiple Render Targets: 4
13:25:19:    - With different bit depths: yes
13:25:19:  * Point Sprites: yes
13:25:19:  * Extended point parameters: yes
13:25:19:  * Max Point Size: 255.875
13:25:19:  * Vertex texture fetch: yes
13:25:19:  * Number of world matrices: 0
13:25:19:  * Number of texture units: 8
13:25:19:  * Stencil buffer depth: 8
13:25:19:  * Number of vertex blend matrices: 0
13:25:19:    - Max vertex textures: 4
13:25:19:    - Vertex textures shared: no
13:25:19:  * Render to Vertex Buffer : no
13:25:19:  * Hardware Atomic Counters: no
13:25:19:  * DirectX per stage constants: no
13:25:19: ***************************************
13:25:19: *** D3D9 : Subsystem Initialised OK ***
13:25:19: ***************************************
13:25:19: DefaultWorkQueue('Root') initialising on thread f0c.
13:25:19: Particle Renderer Type 'billboard' registered
13:25:19: SceneManagerFactory for type 'PCZSceneManager' registered.
13:25:19: MovableObjectFactory for type 'PCZLight' registered.
13:25:19: MovableObjectFactory for type 'Portal' registered.
13:25:19: MovableObjectFactory for type 'AntiPortal' registered.
13:25:19: PCZone Factory Type 'ZoneType_Octree' registered
13:25:19: SceneManagerFactory for type 'OctreeSceneManager' registered.
13:25:19: OverlayElementFactory for type Panel registered.
13:25:19: OverlayElementFactory for type BorderPanel registered.
13:25:19: OverlayElementFactory for type TextArea registered.
13:25:19: Registering ResourceManager for type Font
13:25:19: Parsing scripts for resource group Autodetect
13:25:19: Finished parsing scripts for resource group Autodetect
13:25:19: Creating resources for group Autodetect
13:25:19: All done
13:25:19: Parsing scripts for resource group General
13:25:19: Parsing script BatteryMat.material
13:25:19: Parsing script boxM.material
13:25:19: Parsing script CannonMat.material
13:25:19: Parsing script CarMat.material
13:25:19: Parsing script Examples.material
13:25:19: DefaultWorkQueue('Root')::WorkerFunc - thread dec starting.
13:25:19: Compiler error: reference to a non existing object in Examples.material(277)
13:25:19: Compiler error: reference to a non existing object in Examples.material(796)
13:25:19: Compiler error: reference to a non existing object in Examples.material(808)
13:25:19: Compiler error: reference to a non existing object in Examples.material(1600)
13:25:19: Compiler error: reference to a non existing object in Examples.material(1603)
13:25:19: Compiler error: reference to a non existing object in Examples.material(1794)
13:25:19: Compiler error: reference to a non existing object in Examples.material(1798)
13:25:19: Compiler error: reference to a non existing object in Examples.material(1819)
13:25:19: Compiler error: reference to a non existing object in Examples.material(1823)
13:25:19: Compiler error: reference to a non existing object in Examples.material(1845)
13:25:19: Compiler error: reference to a non existing object in Examples.material(1849)
13:25:19: Compiler error: reference to a non existing object in Examples.material(1870)
13:25:19: Compiler error: reference to a non existing object in Examples.material(1874)
13:25:19: Compiler error: reference to a non existing object in Examples.material(1969)
13:25:19: Compiler error: reference to a non existing object in Examples.material(1974)
13:25:19: Compiler error: reference to a non existing object in Examples.material(1980)
13:25:19: Compiler error: reference to a non existing object in Examples.material(2207)
13:25:19: Compiler error: reference to a non existing object in Examples.material(2221)
13:25:19: Parsing script HealMat.material
13:25:19: Parsing script PowerMat.material
13:25:19: Parsing script ShieldMat.material
13:25:19: Parsing script SolidColor.material
13:25:19: Parsing script WoodMat.material
13:25:19: Parsing script emitted_emitter.particle
13:25:19: Parsing script Examples-Water.particle
13:25:19: Parsing script Examples.particle
13:25:20: Parsing script explosion.particle
13:25:20: Parsing script smoke.particle
13:25:20: Parsing script bluehigh.fontdef
13:25:20: Parsing script BulletPower.overlay
13:25:20: Parsing script Enemy.overlay
13:25:20: Parsing script Example.overlay
13:25:20: Parsing script Hp.overlay
13:25:20: Finished parsing scripts for resource group General
13:25:20: Creating resources for group General
13:25:20: All done
13:25:20: Parsing scripts for resource group Internal
13:25:20: Finished parsing scripts for resource group Internal
13:25:20: Creating resources for group Internal
13:25:20: All done
13:25:20: Texture: clouds.jpg: Loading 1 faces(PF_R8G8B8,256x256x1) Internal format is PF_X8R8G8B8,256x256x1.
13:25:20: Texture: floor.jpg: Loading 1 faces(PF_R8G8B8,1024x1024x1) Internal format is PF_X8R8G8B8,1024x1024x1.
13:25:20: Texture: rockwall.tga: Loading 1 faces(PF_R8G8B8,256x256x1) Internal format is PF_X8R8G8B8,256x256x1.
13:25:20: Mesh: Loading WoodBox.mesh.
13:25:20: Texture: wood.png: Loading 1 faces(PF_A8R8G8B8,1024x1024x1) Internal format is PF_A8R8G8B8,1024x1024x1.
13:25:20: Mesh: Loading Car.mesh.
13:25:20: Texture: Car.png: Loading 1 faces(PF_A8R8G8B8,1024x1024x1) Internal format is PF_A8R8G8B8,1024x1024x1.
13:25:20: Mesh: Loading Battery.mesh.
13:25:20: Texture: Battery.png: Loading 1 faces(PF_A8R8G8B8,1024x1024x1) Internal format is PF_A8R8G8B8,1024x1024x1.
13:25:20: Font BlueHighwayBig using texture size 1024x1024
13:25:20: Info: Freetype returned null for character 127 in font BlueHighwayBig
13:25:20: Info: Freetype returned null for character 128 in font BlueHighwayBig
13:25:20: Info: Freetype returned null for character 129 in font BlueHighwayBig
13:25:20: Info: Freetype returned null for character 130 in font BlueHighwayBig
13:25:20: Info: Freetype returned null for character 131 in font BlueHighwayBig
13:25:20: Info: Freetype returned null for character 132 in font BlueHighwayBig
13:25:20: Info: Freetype returned null for character 133 in font BlueHighwayBig
13:25:20: Info: Freetype returned null for character 134 in font BlueHighwayBig
13:25:20: Info: Freetype returned null for character 135 in font BlueHighwayBig
13:25:20: Info: Freetype returned null for character 136 in font BlueHighwayBig
13:25:20: Info: Freetype returned null for character 137 in font BlueHighwayBig
13:25:20: Info: Freetype returned null for character 138 in font BlueHighwayBig
13:25:20: Info: Freetype returned null for character 139 in font BlueHighwayBig
13:25:20: Info: Freetype returned null for character 140 in font BlueHighwayBig
13:25:20: Info: Freetype returned null for character 141 in font BlueHighwayBig
13:25:20: Info: Freetype returned null for character 142 in font BlueHighwayBig
13:25:20: Info: Freetype returned null for character 143 in font BlueHighwayBig
13:25:20: Info: Freetype returned null for character 144 in font BlueHighwayBig
13:25:20: Info: Freetype returned null for character 145 in font BlueHighwayBig
13:25:20: Info: Freetype returned null for character 146 in font BlueHighwayBig
13:25:20: Info: Freetype returned null for character 147 in font BlueHighwayBig
13:25:20: Info: Freetype returned null for character 148 in font BlueHighwayBig
13:25:20: Info: Freetype returned null for character 149 in font BlueHighwayBig
13:25:20: Info: Freetype returned null for character 150 in font BlueHighwayBig
13:25:20: Info: Freetype returned null for character 151 in font BlueHighwayBig
13:25:20: Info: Freetype returned null for character 152 in font BlueHighwayBig
13:25:20: Info: Freetype returned null for character 153 in font BlueHighwayBig
13:25:20: Info: Freetype returned null for character 154 in font BlueHighwayBig
13:25:20: Info: Freetype returned null for character 155 in font BlueHighwayBig
13:25:20: Info: Freetype returned null for character 156 in font BlueHighwayBig
13:25:20: Info: Freetype returned null for character 157 in font BlueHighwayBig
13:25:20: Info: Freetype returned null for character 158 in font BlueHighwayBig
13:25:20: Info: Freetype returned null for character 159 in font BlueHighwayBig
13:25:20: Info: Freetype returned null for character 160 in font BlueHighwayBig
13:25:20: Texture: BlueHighwayBigTexture: Loading 1 faces(PF_BYTE_LA,1024x1024x1) with 0 generated mipmaps from Image. Internal format is PF_BYTE_LA,1024x1024x1.
13:25:20: Font BlueHighway8 using texture size 256x128
13:25:20: Info: Freetype returned null for character 96 in font BlueHighway8
13:25:20: Info: Freetype returned null for character 127 in font BlueHighway8
13:25:20: Info: Freetype returned null for character 128 in font BlueHighway8
13:25:20: Info: Freetype returned null for character 129 in font BlueHighway8
13:25:20: Info: Freetype returned null for character 130 in font BlueHighway8
13:25:20: Info: Freetype returned null for character 131 in font BlueHighway8
13:25:20: Info: Freetype returned null for character 132 in font BlueHighway8
13:25:20: Info: Freetype returned null for character 133 in font BlueHighway8
13:25:20: Info: Freetype returned null for character 134 in font BlueHighway8
13:25:20: Info: Freetype returned null for character 135 in font BlueHighway8
13:25:20: Info: Freetype returned null for character 136 in font BlueHighway8
13:25:20: Info: Freetype returned null for character 137 in font BlueHighway8
13:25:20: Info: Freetype returned null for character 138 in font BlueHighway8
13:25:20: Info: Freetype returned null for character 139 in font BlueHighway8
13:25:20: Info: Freetype returned null for character 140 in font BlueHighway8
13:25:20: Info: Freetype returned null for character 141 in font BlueHighway8
13:25:20: Info: Freetype returned null for character 142 in font BlueHighway8
13:25:20: Info: Freetype returned null for character 143 in font BlueHighway8
13:25:20: Info: Freetype returned null for character 144 in font BlueHighway8
13:25:20: Info: Freetype returned null for character 145 in font BlueHighway8
13:25:20: Info: Freetype returned null for character 146 in font BlueHighway8
13:25:20: Info: Freetype returned null for character 147 in font BlueHighway8
13:25:20: Info: Freetype returned null for character 148 in font BlueHighway8
13:25:20: Info: Freetype returned null for character 149 in font BlueHighway8
13:25:20: Info: Freetype returned null for character 150 in font BlueHighway8
13:25:20: Info: Freetype returned null for character 151 in font BlueHighway8
13:25:20: Info: Freetype returned null for character 152 in font BlueHighway8
13:25:20: Info: Freetype returned null for character 153 in font BlueHighway8
13:25:20: Info: Freetype returned null for character 154 in font BlueHighway8
13:25:20: Info: Freetype returned null for character 155 in font BlueHighway8
13:25:20: Info: Freetype returned null for character 156 in font BlueHighway8
13:25:20: Info: Freetype returned null for character 157 in font BlueHighway8
13:25:20: Info: Freetype returned null for character 158 in font BlueHighway8
13:25:20: Info: Freetype returned null for character 159 in font BlueHighway8
13:25:20: Info: Freetype returned null for character 160 in font BlueHighway8
13:25:20: Texture: BlueHighway8Texture: Loading 1 faces(PF_BYTE_LA,256x128x1) with 0 generated mipmaps from Image. Internal format is PF_BYTE_LA,256x128x1.
13:25:20: Mesh: Loading ShieldCoin.mesh.
13:25:20: Texture: shield.png: Loading 1 faces(PF_A8R8G8B8,1024x1024x1) Internal format is PF_A8R8G8B8,1024x1024x1.
13:25:20: Texture: spot_shadow_fade.png: Loading 1 faces(PF_R8G8B8,128x128x1) Internal format is PF_X8R8G8B8,128x128x1.
13:25:20: Mesh: Loading Cannon.mesh.
13:25:20: Texture: Cannon.png: Loading 1 faces(PF_A8R8G8B8,1024x1024x1) Internal format is PF_A8R8G8B8,1024x1024x1.
13:25:21: OGRE EXCEPTION(6:FileNotFoundException): Cannot locate resource flare.png in resource group General or any other group. in ResourceGroupManager::openResource at ..\..\..\..\OgreMain\src\OgreResourceGroupManager.cpp (line 756)
13:25:21: Error loading texture flare.png. Texture layer will be blank. Loading the texture failed with the following exception: OGRE EXCEPTION(6:FileNotFoundException): Cannot locate resource flare.png in resource group General or any other group. in ResourceGroupManager::openResource at ..\..\..\..\OgreMain\src\OgreResourceGroupManager.cpp (line 756)
13:25:50: DefaultWorkQueue('Root') shutting down on thread f0c.
13:25:50: DefaultWorkQueue('Root')::WorkerFunc - thread dec stopped.
13:25:50: PCZone Factory Type 'ZoneType_Octree' unregistered
13:25:50: *-*-* OGRE Shutdown
13:25:50: Unregistering ResourceManager for type Compositor
13:25:50: Unregistering ResourceManager for type Skeleton
13:25:50: Unregistering ResourceManager for type Mesh
13:25:50: Unregistering ResourceManager for type HighLevelGpuProgram
13:25:50: Uninstalling plugin: ParticleFX
13:25:50: Plugin successfully uninstalled
13:25:50: Unloading library .\Plugin_ParticleFX_d
13:25:50: Uninstalling plugin: Octree Scene Manager
13:25:50: Plugin successfully uninstalled
13:25:50: Unloading library .\Plugin_OctreeSceneManager_d
13:25:50: Uninstalling plugin: Octree Zone Factory
13:25:50: Plugin successfully uninstalled
13:25:50: Unloading library .\Plugin_OctreeZone_d
13:25:50: Uninstalling plugin: Portal Connected Zone Scene Manager
13:25:50: Plugin successfully uninstalled
13:25:50: Unloading library .\Plugin_PCZSceneManager_d
13:25:50: Uninstalling plugin: GL RenderSystem
13:25:50: *** Stopping Win32GL Subsystem ***
13:25:50: Plugin successfully uninstalled
13:25:50: Unloading library .\RenderSystem_GL_d
13:25:50: Uninstalling plugin: D3D9 RenderSystem
13:25:50: D3D9 device: 0x[059424A0] destroy. Releasing D3D9 texture: BlueHighwayBigTexture
13:25:50: Released D3D9 texture: BlueHighwayBigTexture
13:25:51: D3D9 : Shutting down cleanly.
13:25:51: Unregistering ResourceManager for type Texture
13:25:51: Unregistering ResourceManager for type GpuProgram
13:25:51: D3D9 : Direct3D9 Rendering Subsystem destroyed.
13:25:51: Plugin successfully uninstalled
13:25:51: Unloading library .\RenderSystem_Direct3D9_d
13:25:51: Unregistering ResourceManager for type Material
